Using pre-set license
Built from '2020.3/staging' branch; Version is '2020.3.4f1 (0abb6314276a) revision 703331'; Using compiler version '192528614'; Build Type 'Release'
OS: 'Windows 10 Home Single Language; OS build 19042.867; Version 2009; 64bit' Language: 'en' Physical Memory: 7957 MB
BatchMode: 1, IsHumanControllingUs: 0, StartBugReporterOnCrash: 0, Is64bit: 1, IsPro: 0

 COMMAND LINE ARGUMENTS:
C:\Program Files\Unity\Hub\Editor\2020.3.4f1\Editor\Unity.exe
-adb2
-batchMode
-noUpm
-name
AssetImportWorker0
-projectPath
C:/Users/Admin/OneDrive/Máy tính/Gimmick
-logFile
Logs/AssetImportWorker0.log
-srvPort
57395
Successfully changed project path to: C:/Users/Admin/OneDrive/Máy tính/Gimmick
C:/Users/Admin/OneDrive/Máy tính/Gimmick
Using Asset Import Pipeline V2.
Refreshing native plugins compatible for Editor in 51.44 ms, found 1 plugins.
Preloading 0 native plugins for Editor in 0.00 ms.
Initialize engine version: 2020.3.4f1 (0abb6314276a)
[Subsystems] Discovering subsystems at path C:/Program Files/Unity/Hub/Editor/2020.3.4f1/Editor/Data/Resources/UnitySubsystems
[Subsystems] Discovering subsystems at path C:/Users/Admin/OneDrive/Máy tính/Gimmick/Assets
GfxDevice: creating device client; threaded=0
Direct3D:
    Version:  Direct3D 11.0 [level 11.1]
    Renderer: Intel(R) Iris(R) Xe Graphics (ID=0x9a49)
    Vendor:   
    VRAM:     3978 MB
    Driver:   27.20.100.8935
Initialize mono
Mono path[0] = 'C:/Program Files/Unity/Hub/Editor/2020.3.4f1/Editor/Data/Managed'
Mono path[1] = 'C:/Program Files/Unity/Hub/Editor/2020.3.4f1/Editor/Data/MonoBleedingEdge/lib/mono/unityjit'
Mono config path = 'C:/Program Files/Unity/Hub/Editor/2020.3.4f1/Editor/Data/MonoBleedingEdge/etc'
Using monoOptions --debugger-agent=transport=dt_socket,embedding=1,server=y,suspend=n,address=127.0.0.1:56640
Begin MonoManager ReloadAssembly
Registering precompiled unity dll's ...
Register platform support module: C:/Program Files/Unity/Hub/Editor/2020.3.4f1/Editor/Data/PlaybackEngines/WebGLSupport/UnityEditor.WebGL.Extensions.dll
Register platform support module: C:/Program Files/Unity/Hub/Editor/2020.3.4f1/Editor/Data/PlaybackEngines/WindowsStandaloneSupport/UnityEditor.WindowsStandalone.Extensions.dll
Registered in 0.002463 seconds.
Native extension for WindowsStandalone target not found
Native extension for WebGL target not found
Refreshing native plugins compatible for Editor in 63.51 ms, found 1 plugins.
Preloading 0 native plugins for Editor in 0.00 ms.
Mono: successfully reloaded assembly
- Completed reload, in  1.471 seconds
Platform modules already initialized, skipping
Registering precompiled user dll's ...
Registered in 0.002088 seconds.
Begin MonoManager ReloadAssembly
Native extension for WindowsStandalone target not found
Native extension for WebGL target not found
Refreshing native plugins compatible for Editor in 74.74 ms, found 1 plugins.
Preloading 0 native plugins for Editor in 0.00 ms.
Mono: successfully reloaded assembly
- Completed reload, in  1.532 seconds
Platform modules already initialized, skipping
========================================================================
Worker process is ready to serve import requests
Launched and connected shader compiler UnityShaderCompiler.exe after 0.06 seconds
Refreshing native plugins compatible for Editor in 0.56 ms, found 1 plugins.
Preloading 0 native plugins for Editor in 0.00 ms.
Unloading 2000 Unused Serialized files (Serialized files now loaded: 0)
System memory in use before: 94.5 MB.
System memory in use after: 94.5 MB.

Unloading 25 unused Assets to reduce memory usage. Loaded Objects now: 2444.
Total: 3.809200 ms (FindLiveObjects: 0.186100 ms CreateObjectMapping: 0.148100 ms MarkObjects: 3.158800 ms  DeleteObjects: 0.314200 ms)

========================================================================
Received Import Request.
  path: Assets/Animations/Scene Intro/endgame/Run.anim
  artifactKey: Guid(b8210254dfc4a80419c429edacd7617f) Importer(815301076,1909f56bfc062723c751e8b465ee728b)
Start importing Assets/Animations/Scene Intro/endgame/Run.anim using Guid(b8210254dfc4a80419c429edacd7617f) Importer(815301076,1909f56bfc062723c751e8b465ee728b)  -> (artifact id: '15dff82cfea544d2888f88532778dacb') in 0.071733 seconds
  Import took 0.082229 seconds .

========================================================================
Received Prepare
Refreshing native plugins compatible for Editor in 1.41 ms, found 1 plugins.
Preloading 0 native plugins for Editor in 0.00 ms.
Unloading 11 Unused Serialized files (Serialized files now loaded: 0)
System memory in use before: 53.6 MB.
System memory in use after: 53.5 MB.

Unloading 11 unused Assets to reduce memory usage. Loaded Objects now: 2444.
Total: 3.075000 ms (FindLiveObjects: 0.121400 ms CreateObjectMapping: 0.031800 ms MarkObjects: 2.755200 ms  DeleteObjects: 0.165300 ms)

========================================================================
Received Import Request.
  Time since last request: 20.855535 seconds.
  path: Assets/Animations/Scene Intro/endgame/Run.anim
  artifactKey: Guid(b8210254dfc4a80419c429edacd7617f) Importer(815301076,1909f56bfc062723c751e8b465ee728b)
Start importing Assets/Animations/Scene Intro/endgame/Run.anim using Guid(b8210254dfc4a80419c429edacd7617f) Importer(815301076,1909f56bfc062723c751e8b465ee728b)  -> (artifact id: 'e238988a64604b1c28caea3023f0af09') in 0.003035 seconds
  Import took 0.009383 seconds .

========================================================================
Received Prepare
Registering precompiled user dll's ...
Registered in 0.001696 seconds.
Begin MonoManager ReloadAssembly
Native extension for WindowsStandalone target not found
Native extension for WebGL target not found
Refreshing native plugins compatible for Editor in 0.46 ms, found 1 plugins.
Preloading 0 native plugins for Editor in 0.00 ms.
Mono: successfully reloaded assembly
- Completed reload, in  0.904 seconds
Platform modules already initialized, skipping
Refreshing native plugins compatible for Editor in 0.49 ms, found 1 plugins.
Preloading 0 native plugins for Editor in 0.00 ms.
Unloading 1976 Unused Serialized files (Serialized files now loaded: 0)
System memory in use before: 92.6 MB.
System memory in use after: 92.6 MB.

Unloading 13 unused Assets to reduce memory usage. Loaded Objects now: 2448.
Total: 2.298600 ms (FindLiveObjects: 0.315400 ms CreateObjectMapping: 0.057700 ms MarkObjects: 1.823800 ms  DeleteObjects: 0.100700 ms)

========================================================================
Received Import Request.
  Time since last request: 305.291923 seconds.
  path: Assets/Animations/Scene Intro/endgame/Intro1_21.controller
  artifactKey: Guid(29bf40c797534cb44a52fc1336e7785a) Importer(815301076,1909f56bfc062723c751e8b465ee728b)
Start importing Assets/Animations/Scene Intro/endgame/Intro1_21.controller using Guid(29bf40c797534cb44a52fc1336e7785a) Importer(815301076,1909f56bfc062723c751e8b465ee728b)  -> (artifact id: 'aee969822df2743f3f63f0edf349d732') in 0.019656 seconds
  Import took 0.027140 seconds .

========================================================================
Received Prepare
Registering precompiled user dll's ...
Registered in 0.002465 seconds.
Begin MonoManager ReloadAssembly
Native extension for WindowsStandalone target not found
Native extension for WebGL target not found
Refreshing native plugins compatible for Editor in 0.89 ms, found 1 plugins.
Preloading 0 native plugins for Editor in 0.00 ms.
Mono: successfully reloaded assembly
- Completed reload, in  1.634 seconds
Platform modules already initialized, skipping
Refreshing native plugins compatible for Editor in 0.41 ms, found 1 plugins.
Preloading 0 native plugins for Editor in 0.00 ms.
Unloading 1976 Unused Serialized files (Serialized files now loaded: 0)
System memory in use before: 92.6 MB.
System memory in use after: 92.6 MB.

Unloading 13 unused Assets to reduce memory usage. Loaded Objects now: 2452.
Total: 2.731200 ms (FindLiveObjects: 0.244300 ms CreateObjectMapping: 0.059600 ms MarkObjects: 2.247800 ms  DeleteObjects: 0.178100 ms)

========================================================================
Received Prepare
Registering precompiled user dll's ...
Registered in 0.001697 seconds.
Begin MonoManager ReloadAssembly
Native extension for WindowsStandalone target not found
Native extension for WebGL target not found
Refreshing native plugins compatible for Editor in 0.63 ms, found 1 plugins.
Preloading 0 native plugins for Editor in 0.00 ms.
Mono: successfully reloaded assembly
- Completed reload, in  1.681 seconds
Platform modules already initialized, skipping
Refreshing native plugins compatible for Editor in 0.42 ms, found 1 plugins.
Preloading 0 native plugins for Editor in 0.00 ms.
Unloading 1976 Unused Serialized files (Serialized files now loaded: 0)
System memory in use before: 92.7 MB.
System memory in use after: 92.7 MB.

Unloading 13 unused Assets to reduce memory usage. Loaded Objects now: 2456.
Total: 2.854700 ms (FindLiveObjects: 0.155000 ms CreateObjectMapping: 0.040400 ms MarkObjects: 2.481800 ms  DeleteObjects: 0.176400 ms)

AssetImportWorkerClient::OnTransportError - code=2 error=End of file
